2023-12-31T01:49:54.779967895Z Incoming reqeust - Path: :  /policy/v1/service/configuration
2023-12-31T01:49:54.782234010Z SERV_POL: No changes: { status: 'success', action: 'continue' }
2023-12-31T01:49:56.360538179Z Incoming reqeust - Path: :  /policy/v1/service/configuration
2023-12-31T01:49:56.361522290Z SERV_POL: No changes: { status: 'success', action: 'continue' }
2023-12-31T01:49:56.374782332Z Incoming reqeust - Path: :  /policy/v1/participant/properties
2023-12-31T01:49:56.377190792Z PART_POL: Display name updated:  Sergeant Colby | Army
2023-12-31T01:49:56.377207713Z PART_POL: service_tag parmameters:  [ 'allDept' ]
2023-12-31T01:49:56.377214175Z PART_POL: Using ClientAPI to change VMR classification level to PROTECTED
2023-12-31T01:49:56.377219174Z New classificaton: PROTECTED
2023-12-31T01:49:56.422639610Z PART_POL: Participant policy done: {
2023-12-31T01:49:56.422708648Z   status: 'success',
2023-12-31T01:49:56.422716503Z   action: 'continue',
2023-12-31T01:49:56.422721893Z   result: { remote_display_name: 'Sergeant Colby | Army' }
2023-12-31T01:49:56.422726592Z }
2023-12-31T01:49:56.745977278Z Incoming reqeust - Path: :  /policy/v1/participant/properties
2023-12-31T01:49:56.746010750Z PART_POL: Display name updated:  Sergeant Colby | Army
2023-12-31T01:49:56.746162172Z PART_POL: service_tag parmameters:  [ 'allDept' ]
2023-12-31T01:49:56.746342587Z PART_POL: Participant policy done: {
2023-12-31T01:49:56.746350833Z   status: 'success',
2023-12-31T01:49:56.746490182Z   action: 'continue',
2023-12-31T01:49:56.746497746Z   result: { remote_display_name: 'Sergeant Colby | Army' }
2023-12-31T01:49:56.746502405Z }
2023-12-31T01:49:56.754321218Z Incoming reqeust - Path: :  /policy/v1/service/configuration
2023-12-31T01:49:56.755015036Z SERV_POL: MEETBOT bypassing service with no IDP {
2023-12-31T01:49:56.755032849Z   status: 'success',
2023-12-31T01:49:56.755079706Z   action: 'continue',
2023-12-31T01:49:56.755085977Z   result: {
2023-12-31T01:49:56.755090806Z     name: 'ADF All',
2023-12-31T01:49:56.755095445Z     service_tag: 'allDept',
2023-12-31T01:49:56.755099983Z     service_type: 'conference',
2023-12-31T01:49:56.755104732Z     host_identity_provider_group: ''
2023-12-31T01:49:56.755109020Z   }
2023-12-31T01:49:56.755113128Z }
2023-12-31T01:49:56.771810406Z Incoming reqeust - Path: :  /policy/v1/participant/properties
2023-12-31T01:49:56.771831465Z PART_POL: MEETBOT bypassing partipant policy
2023-12-31T01:49:56.992049898Z VMR Current classification level: 4 - Availible levels: {
2023-12-31T01:49:56.992122984Z   '0': 'UNOFFICIAL',
2023-12-31T01:49:56.992131991Z   '1': 'OFFICIAL',
2023-12-31T01:49:56.992137000Z   '2': 'PROTECTED',
2023-12-31T01:49:56.992141959Z   '3': 'SECRET',
2023-12-31T01:49:56.992146959Z   '4': 'TOP SECRET'
2023-12-31T01:49:56.992152109Z }
2023-12-31T01:49:57.009042416Z Set classification level to: 2 { status: 'success', result: true }
2023-12-31T01:49:57.028881028Z Released token: { status: 'success', result: true }

2023-12-31T01:53:16.792712501Z Incoming reqeust - Path: :  /policy/v1/service/configuration
2023-12-31T01:53:16.794038676Z SERV_POL: No changes: { status: 'success', action: 'continue' }
2023-12-31T01:53:18.063948011Z Incoming reqeust - Path: :  /policy/v1/service/configuration
2023-12-31T01:53:18.063989147Z SERV_POL: No changes: { status: 'success', action: 'continue' }
2023-12-31T01:53:18.084757472Z Incoming reqeust - Path: :  /policy/v1/participant/properties
2023-12-31T01:53:18.084897221Z PART_POL: Display name updated:  General Kurtz | Army
2023-12-31T01:53:18.086070613Z PART_POL: service_tag parmameters:  [ 'allDept' ]
2023-12-31T01:53:18.086100939Z PART_POL: Using ClientAPI to change VMR classification level to TOP SECRET
2023-12-31T01:53:18.086109084Z New classificaton: TOP SECRET
2023-12-31T01:53:18.092151864Z PART_POL: Participant policy done: {
2023-12-31T01:53:18.092170649Z   status: 'success',
2023-12-31T01:53:18.092177010Z   action: 'continue',
2023-12-31T01:53:18.092181940Z   result: { remote_display_name: 'General Kurtz | Army' }
2023-12-31T01:53:18.092197278Z }

2023-12-31T01:53:18.352192697Z Incoming reqeust - Path: :  /policy/v1/participant/properties
2023-12-31T01:53:18.352228012Z PART_POL: Display name updated:  General Kurtz | Army
2023-12-31T01:53:18.352942405Z PART_POL: service_tag parmameters:  [ 'allDept' ]
2023-12-31T01:53:18.352957453Z PART_POL: Participant policy done: {
2023-12-31T01:53:18.352963885Z   status: 'success',
2023-12-31T01:53:18.352968093Z   action: 'continue',
2023-12-31T01:53:18.352972210Z   result: { remote_display_name: 'General Kurtz | Army' }
2023-12-31T01:53:18.352976548Z }
2023-12-31T01:53:18.406963952Z Incoming reqeust - Path: :  /policy/v1/service/configuration
2023-12-31T01:53:18.406994478Z SERV_POL: MEETBOT bypassing service with no IDP {
2023-12-31T01:53:18.407001611Z   status: 'success',
2023-12-31T01:53:18.407006500Z   action: 'continue',
2023-12-31T01:53:18.407011008Z   result: {
2023-12-31T01:53:18.407015857Z     name: 'ADF All',
2023-12-31T01:53:18.407020516Z     service_tag: 'allDept',
2023-12-31T01:53:18.407025315Z     service_type: 'conference',
2023-12-31T01:53:18.407030014Z     host_identity_provider_group: ''
2023-12-31T01:53:18.407034732Z   }
2023-12-31T01:53:18.407039471Z }
2023-12-31T01:53:18.448783821Z Incoming reqeust - Path: :  /policy/v1/participant/properties
2023-12-31T01:53:18.449462949Z PART_POL: MEETBOT bypassing partipant policy
2023-12-31T01:53:18.607720027Z VMR Current classification level: 4 - Availible levels: {
2023-12-31T01:53:18.607756635Z   '0': 'UNOFFICIAL',
2023-12-31T01:53:18.607763357Z   '1': 'OFFICIAL',
2023-12-31T01:53:18.607768226Z   '2': 'PROTECTED',
2023-12-31T01:53:18.607772645Z   '3': 'SECRET',
2023-12-31T01:53:18.607777193Z   '4': 'TOP SECRET'
2023-12-31T01:53:18.607781210Z }
2023-12-31T01:53:18.607784907Z No level change required for new level: 4
2023-12-31T01:53:18.774259441Z Released token: { status: 'success', result: true }

2023-12-31T01:53:41.001050951Z Incoming reqeust - Path: :  /policy/v1/service/configuration
2023-12-31T01:53:41.001735494Z SERV_POL: No changes: { status: 'success', action: 'continue' }
2023-12-31T01:53:42.775623876Z Incoming reqeust - Path: :  /policy/v1/service/configuration
2023-12-31T01:53:42.775736726Z SERV_POL: No changes: { status: 'success', action: 'continue' }
2023-12-31T01:53:42.789049245Z Incoming reqeust - Path: :  /policy/v1/participant/properties
2023-12-31T01:53:42.790117572Z PART_POL: Display name updated:  Captain Davenport | Navy
2023-12-31T01:53:42.790131187Z PART_POL: service_tag parmameters:  [ 'allDept' ]
2023-12-31T01:53:42.790141276Z PART_POL: Using ClientAPI to change VMR classification level to SECRET
2023-12-31T01:53:42.790157115Z New classificaton: SECRET
2023-12-31T01:53:42.796681245Z PART_POL: Participant policy done: {
2023-12-31T01:53:42.796701923Z   status: 'success',
2023-12-31T01:53:42.796708656Z   action: 'continue',
2023-12-31T01:53:42.796713896Z   result: { remote_display_name: 'Captain Davenport | Navy' }
2023-12-31T01:53:42.796719245Z }
2023-12-31T01:53:42.916652203Z Incoming reqeust - Path: :  /policy/v1/participant/properties
2023-12-31T01:53:42.917554601Z PART_POL: Display name updated:  Captain Davenport | Navy
2023-12-31T01:53:42.918322840Z PART_POL: service_tag parmameters:  [ 'allDept' ]
2023-12-31T01:53:42.918895104Z PART_POL: Participant policy done: {
2023-12-31T01:53:42.918909321Z   status: 'success',
2023-12-31T01:53:42.918915903Z   action: 'continue',
2023-12-31T01:53:42.918920782Z   result: { remote_display_name: 'Captain Davenport | Navy' }
2023-12-31T01:53:42.918925591Z }
2023-12-31T01:53:42.962500358Z Incoming reqeust - Path: :  /policy/v1/service/configuration
2023-12-31T01:53:42.962600043Z SERV_POL: MEETBOT bypassing service with no IDP {
2023-12-31T01:53:42.962611434Z   status: 'success',
2023-12-31T01:53:42.962616824Z   action: 'continue',
2023-12-31T01:53:42.962621102Z   result: {
2023-12-31T01:53:42.962625180Z     name: 'ADF All',
2023-12-31T01:53:42.962629608Z     service_tag: 'allDept',
2023-12-31T01:53:42.962634547Z     service_type: 'conference',
2023-12-31T01:53:42.962638755Z     host_identity_provider_group: ''
2023-12-31T01:53:42.962643464Z   }
2023-12-31T01:53:42.962648082Z }
2023-12-31T01:53:43.046716551Z Incoming reqeust - Path: :  /policy/v1/participant/properties
2023-12-31T01:53:43.047285299Z PART_POL: MEETBOT bypassing partipant policy

2023-12-31T01:53:43.251641587Z VMR Current classification level: 4 - Availible levels: {
2023-12-31T01:53:43.251679578Z   '0': 'UNOFFICIAL',
2023-12-31T01:53:43.251686260Z   '1': 'OFFICIAL',
2023-12-31T01:53:43.251690879Z   '2': 'PROTECTED',
2023-12-31T01:53:43.251694966Z   '3': 'SECRET',
2023-12-31T01:53:43.251698733Z   '4': 'TOP SECRET'
2023-12-31T01:53:43.251702991Z }
2023-12-31T01:53:43.269845904Z Set classification level to: 3 { status: 'success', result: true }
2023-12-31T01:53:43.284515985Z Released token: { status: 'success', result: true }

2023-12-31T01:54:00.401048982Z Incoming reqeust - Path: :  /policy/v1/service/configuration
2023-12-31T01:54:00.401677124Z SERV_POL: No changes: { status: 'success', action: 'continue' }
2023-12-31T01:54:02.454969299Z Incoming reqeust - Path: :  /policy/v1/service/configuration
2023-12-31T01:54:02.455614730Z SERV_POL: No changes: { status: 'success', action: 'continue' }
2023-12-31T01:54:02.468445027Z Incoming reqeust - Path: :  /policy/v1/participant/properties
2023-12-31T01:54:02.468473410Z PART_POL: Display name updated:  Sergeant Foley | Airforce
2023-12-31T01:54:02.468481234Z PART_POL: service_tag parmameters:  [ 'allDept' ]
2023-12-31T01:54:02.468486955Z PART_POL: Using ClientAPI to change VMR classification level to PROTECTED
2023-12-31T01:54:02.468491964Z New classificaton: PROTECTED
2023-12-31T01:54:02.471400365Z PART_POL: Participant policy done: {
2023-12-31T01:54:02.471415613Z   status: 'success',
2023-12-31T01:54:02.471420733Z   action: 'continue',
2023-12-31T01:54:02.471424640Z   result: { remote_display_name: 'Sergeant Foley | Airforce' }
2023-12-31T01:54:02.471428958Z }
2023-12-31T01:54:02.489399444Z Incoming reqeust - Path: :  /policy/v1/service/configuration
2023-12-31T01:54:02.489907456Z SERV_POL: MEETBOT bypassing service with no IDP {
2023-12-31T01:54:02.489923946Z   status: 'success',
2023-12-31T01:54:02.489930629Z   action: 'continue',
2023-12-31T01:54:02.489935478Z   result: {
2023-12-31T01:54:02.489940237Z     name: 'ADF All',
2023-12-31T01:54:02.489945136Z     service_tag: 'allDept',
2023-12-31T01:54:02.489949845Z     service_type: 'conference',
2023-12-31T01:54:02.489954894Z     host_identity_provider_group: ''
2023-12-31T01:54:02.489959432Z   }
2023-12-31T01:54:02.489964342Z }
2023-12-31T01:54:02.504402608Z Incoming reqeust - Path: :  /policy/v1/participant/properties
2023-12-31T01:54:02.504421853Z PART_POL: MEETBOT bypassing partipant policy
2023-12-31T01:54:02.543130851Z VMR Current classification level: 3 - Availible levels: {
2023-12-31T01:54:02.543159564Z   '0': 'UNOFFICIAL',
2023-12-31T01:54:02.543166457Z   '1': 'OFFICIAL',
2023-12-31T01:54:02.543171446Z   '2': 'PROTECTED',
2023-12-31T01:54:02.543176155Z   '3': 'SECRET',
2023-12-31T01:54:02.543181115Z   '4': 'TOP SECRET'
2023-12-31T01:54:02.543185813Z }
2023-12-31T01:54:02.558395237Z Set classification level to: 2 { status: 'success', result: true }
2023-12-31T01:54:02.593067724Z Incoming reqeust - Path: :  /policy/v1/participant/properties
2023-12-31T01:54:02.593265642Z PART_POL: Display name updated:  Sergeant Foley | Airforce
2023-12-31T01:54:02.595115654Z PART_POL: service_tag parmameters:  [ 'allDept' ]
2023-12-31T01:54:02.595127466Z PART_POL: Participant policy done: {
2023-12-31T01:54:02.595132626Z   status: 'success',
2023-12-31T01:54:02.595137555Z   action: 'continue',
2023-12-31T01:54:02.595153695Z   result: { remote_display_name: 'Sergeant Foley | Airforce' }
2023-12-31T01:54:02.595159466Z }
2023-12-31T01:54:02.597726268Z Released token: { status: 'success', result: true }

2023-12-31T01:54:20.103227296Z Incoming reqeust - Path: :  /policy/v1/service/configuration
2023-12-31T01:54:20.103305131Z SERV_POL: No changes: { status: 'success', action: 'continue' }
2023-12-31T01:54:23.071555513Z Incoming reqeust - Path: :  /policy/v1/service/configuration
2023-12-31T01:54:23.072248772Z SERV_POL: No changes: { status: 'success', action: 'continue' }
2023-12-31T01:54:23.084358882Z Incoming reqeust - Path: :  /policy/v1/participant/properties
2023-12-31T01:54:23.087419215Z PART_POL: Display name updated:  Sergeant Colby | Army
2023-12-31T01:54:23.087442068Z PART_POL: service_tag parmameters:  [ 'allDept' ]
2023-12-31T01:54:23.087448329Z PART_POL: Using ClientAPI to change VMR classification level to PROTECTED
2023-12-31T01:54:23.087453298Z New classificaton: PROTECTED
2023-12-31T01:54:23.087457877Z PART_POL: Participant policy done: {
2023-12-31T01:54:23.087462455Z   status: 'success',
2023-12-31T01:54:23.087466673Z   action: 'continue',
2023-12-31T01:54:23.087471603Z   result: { remote_display_name: 'Sergeant Colby | Army' }
2023-12-31T01:54:23.087476862Z }
2023-12-31T01:54:23.106104604Z Incoming reqeust - Path: :  /policy/v1/service/configuration
2023-12-31T01:54:23.106317681Z SERV_POL: MEETBOT bypassing service with no IDP {
2023-12-31T01:54:23.106332278Z   status: 'success',
2023-12-31T01:54:23.106339872Z   action: 'continue',
2023-12-31T01:54:23.106346304Z   result: {
2023-12-31T01:54:23.106393792Z     name: 'ADF All',
2023-12-31T01:54:23.106401446Z     service_tag: 'allDept',
2023-12-31T01:54:23.106407287Z     service_type: 'conference',
2023-12-31T01:54:23.106413028Z     host_identity_provider_group: ''
2023-12-31T01:54:23.106418799Z   }
2023-12-31T01:54:23.106424720Z }
2023-12-31T01:54:23.116709540Z Incoming reqeust - Path: :  /policy/v1/participant/properties
2023-12-31T01:54:23.116723736Z PART_POL: MEETBOT bypassing partipant policy

2023-12-31T01:54:23.197758421Z Incoming reqeust - Path: :  /policy/v1/participant/properties
2023-12-31T01:54:23.197842898Z PART_POL: Display name updated:  Sergeant Colby | Army
2023-12-31T01:54:23.198434466Z PART_POL: service_tag parmameters:  [ 'allDept' ]
2023-12-31T01:54:23.198480743Z PART_POL: Participant policy done: {
2023-12-31T01:54:23.198488758Z   status: 'success',
2023-12-31T01:54:23.198493867Z   action: 'continue',
2023-12-31T01:54:23.198498566Z   result: { remote_display_name: 'Sergeant Colby | Army' }
2023-12-31T01:54:23.198502954Z }
2023-12-31T01:54:23.290910395Z VMR Current classification level: 2 - Availible levels: {
2023-12-31T01:54:23.632874812Z   '0': 'UNOFFICIAL',
2023-12-31T01:54:23.632895020Z   '1': 'OFFICIAL',
2023-12-31T01:54:23.632900029Z   '2': 'PROTECTED',
2023-12-31T01:54:23.632904387Z   '3': 'SECRET',
2023-12-31T01:54:23.632908475Z   '4': 'TOP SECRET'
2023-12-31T01:54:23.632912573Z }
2023-12-31T01:54:23.632916360Z No level change required for new level: 2
2023-12-31T01:54:23.632923423Z Released token: { status: 'success', result: true }

2023-12-31T01:54:53.058925579Z Incoming reqeust - Path: :  /policy/v1/service/configuration
2023-12-31T01:54:53.058965073Z SERV_POL: No changes: { status: 'success', action: 'continue' }

2023-12-31T01:55:03.237882999Z Incoming reqeust - Path: :  /policy/v1/service/configuration
2023-12-31T01:55:03.237922352Z SERV_POL: No changes: { status: 'success', action: 'continue' }
2023-12-31T01:55:03.248955607Z Incoming reqeust - Path: :  /policy/v1/participant/properties
2023-12-31T01:55:03.249280141Z PART_POL: Display name updated:  Petty Officer Mancuso | Navy
2023-12-31T01:55:03.249293135Z PART_POL: service_tag parmameters:  [ 'allDept' ]
2023-12-31T01:55:03.249739456Z PART_POL: Using ClientAPI to change VMR classification level to OFFICIAL
2023-12-31T01:55:03.249751839Z New classificaton: OFFICIAL
2023-12-31T01:55:03.251650498Z PART_POL: Participant policy done: {
2023-12-31T01:55:03.251668922Z   status: 'success',
2023-12-31T01:55:03.251675294Z   action: 'continue',
2023-12-31T01:55:03.251725307Z   result: { remote_display_name: 'Petty Officer Mancuso | Navy' }
2023-12-31T01:55:03.251735426Z }
2023-12-31T01:55:03.269713176Z Incoming reqeust - Path: :  /policy/v1/service/configuration
2023-12-31T01:55:03.269750896Z SERV_POL: MEETBOT bypassing service with no IDP {
2023-12-31T01:55:03.269756467Z   status: 'success',
2023-12-31T01:55:03.269760824Z   action: 'continue',
2023-12-31T01:55:03.269765092Z   result: {
2023-12-31T01:55:03.269769020Z     name: 'ADF All',
2023-12-31T01:55:03.269773288Z     service_tag: 'allDept',
2023-12-31T01:55:03.269777466Z     service_type: 'conference',
2023-12-31T01:55:03.269781503Z     host_identity_provider_group: ''
2023-12-31T01:55:03.269785530Z   }
2023-12-31T01:55:03.269789568Z }
2023-12-31T01:55:03.280926717Z Incoming reqeust - Path: :  /policy/v1/participant/properties
2023-12-31T01:55:03.280942377Z PART_POL: MEETBOT bypassing partipant policy
2023-12-31T01:55:03.309395449Z VMR Current classification level: 2 - Availible levels: {
2023-12-31T01:55:03.309419444Z   '0': 'UNOFFICIAL',
2023-12-31T01:55:03.309481099Z   '1': 'OFFICIAL',
2023-12-31T01:55:03.309488432Z   '2': 'PROTECTED',
2023-12-31T01:55:03.309493562Z   '3': 'SECRET',
2023-12-31T01:55:03.309498351Z   '4': 'TOP SECRET'
2023-12-31T01:55:03.309502829Z }
2023-12-31T01:55:03.325326646Z Set classification level to: 1 { status: 'success', result: true }
2023-12-31T01:55:03.340840720Z Released token: { status: 'success', result: true }
2023-12-31T01:55:03.373490202Z Incoming reqeust - Path: :  /policy/v1/participant/properties
2023-12-31T01:55:03.373615244Z PART_POL: Display name updated:  Petty Officer Mancuso | Navy
2023-12-31T01:55:03.373673092Z PART_POL: service_tag parmameters:  [ 'allDept' ]
2023-12-31T01:55:03.373682129Z PART_POL: Participant policy done: {
2023-12-31T01:55:03.373686848Z   status: 'success',
2023-12-31T01:55:03.373691096Z   action: 'continue',
2023-12-31T01:55:03.373695323Z   result: { remote_display_name: 'Petty Officer Mancuso | Navy' }
2023-12-31T01:55:03.373699692Z }

2023-12-31T01:56:51.200047744Z Incoming reqeust - Path: :  /policy/v1/service/configuration
2023-12-31T01:56:51.200111472Z SERV_POL: No changes: { status: 'success', action: 'continue' }
2023-12-31T01:56:52.504441621Z Incoming reqeust - Path: :  /policy/v1/service/configuration
2023-12-31T01:56:52.504614111Z SERV_POL: No changes: { status: 'success', action: 'continue' }
2023-12-31T01:56:52.519058613Z Incoming reqeust - Path: :  /policy/v1/participant/properties
2023-12-31T01:56:52.519885420Z PART_POL: Display name updated:  Sergeant Foley | Airforce
2023-12-31T01:56:52.519915566Z PART_POL: service_tag parmameters:  [ 'department', 'Airforce' ]
2023-12-31T01:56:52.519924473Z PART_POL: Participants idp attribute matches service_tag OK
2023-12-31T01:56:52.520604136Z PART_POL: Participant policy done: {
2023-12-31T01:56:52.520631637Z   status: 'success',
2023-12-31T01:56:52.520640163Z   action: 'continue',
2023-12-31T01:56:52.520645704Z   result: { remote_display_name: 'Sergeant Foley | Airforce' }
2023-12-31T01:56:52.520652496Z }
2023-12-31T01:56:52.715828250Z Incoming reqeust - Path: :  /policy/v1/participant/properties
2023-12-31T01:56:52.715940538Z PART_POL: Display name updated:  Sergeant Foley | Airforce
2023-12-31T01:56:52.716438982Z PART_POL: service_tag parmameters:  [ 'department', 'Airforce' ]
2023-12-31T01:56:52.716454290Z PART_POL: Participants idp attribute matches service_tag OK
2023-12-31T01:56:52.716459460Z PART_POL: Participant policy done: {
2023-12-31T01:56:52.716463487Z   status: 'success',
2023-12-31T01:56:52.716467325Z   action: 'continue',
2023-12-31T01:56:52.716470951Z   result: { remote_display_name: 'Sergeant Foley | Airforce' }
2023-12-31T01:56:52.716474598Z }

2023-12-31T01:57:01.088364145Z Incoming reqeust - Path: :  /policy/v1/service/configuration
2023-12-31T01:57:01.088404620Z SERV_POL: No changes: { status: 'success', action: 'continue' }
2023-12-31T01:57:02.821540674Z Incoming reqeust - Path: :  /policy/v1/service/configuration
2023-12-31T01:57:02.821581740Z SERV_POL: No changes: { status: 'success', action: 'continue' }
2023-12-31T01:57:02.834877915Z Incoming reqeust - Path: :  /policy/v1/participant/properties
2023-12-31T01:57:02.834936694Z PART_POL: Display name updated:  Petty Officer Mancuso | Navy
2023-12-31T01:57:02.837007454Z PART_POL: service_tag parmameters:  [ 'department', 'Airforce' ]
2023-12-31T01:57:02.837053800Z PART_POL: Participants idp attribute does NOT match service_tag
2023-12-31T01:57:02.837088545Z PART_POL: Participant policy done: {
2023-12-31T01:57:02.837381680Z   status: 'success',
2023-12-31T01:57:02.837391428Z   action: 'reject',
2023-12-31T01:57:02.837396407Z   result: { reject_reason: 'ACCESS DENIED You are not in the Airforce' }
2023-12-31T01:57:02.837401537Z }

2023-12-31T01:58:59  No new trace in the past 1 min(s).
2023-12-31T01:59:59  No new trace in the past 2 min(s).
2023-12-31T02:00:59  No new trace in the past 3 min(s).
2023-12-31T02:01:59  No new trace in the past 4 min(s).
2023-12-31T01:57:14.069047766Z Incoming reqeust - Path: :  /policy/v1/service/configuration
2023-12-31T01:57:14.069199889Z SERV_POL: No changes: { status: 'success', action: 'continue' }
2023-12-31T01:57:15.827254290Z Incoming reqeust - Path: :  /policy/v1/service/configuration
2023-12-31T01:57:15.827422463Z SERV_POL: No changes: { status: 'success', action: 'continue' }
2023-12-31T01:57:15.839995286Z Incoming reqeust - Path: :  /policy/v1/participant/properties
2023-12-31T01:57:15.840072310Z PART_POL: Display name updated:  Captain Davenport | Navy
2023-12-31T01:57:15.840438561Z PART_POL: service_tag parmameters:  [ 'department', 'Airforce' ]
2023-12-31T01:57:15.840451425Z PART_POL: Participants idp attribute does NOT match service_tag
2023-12-31T01:57:15.840762430Z PART_POL: Participant policy done: {
2023-12-31T01:57:15.840787828Z   status: 'success',
2023-12-31T01:57:15.840796814Z   action: 'reject',
2023-12-31T01:57:15.840834916Z   result: { reject_reason: 'ACCESS DENIED You are not in the Airforce' }
2023-12-31T01:57:15.840841889Z }

2023-12-31T01:57:56.888400555Z Incoming reqeust - Path: :  /policy/v1/service/configuration
2023-12-31T01:57:56.888440109Z SERV_POL: No changes: { status: 'success', action: 'continue' }

2023-12-31T01:57:58.392270548Z Incoming reqeust - Path: :  /policy/v1/service/configuration
2023-12-31T01:57:58.392306265Z SERV_POL: No changes: { status: 'success', action: 'continue' }
2023-12-31T01:57:58.408264883Z Incoming reqeust - Path: :  /policy/v1/participant/properties
2023-12-31T01:57:58.408349020Z PART_POL: Display name updated:  General Kurtz | Army
2023-12-31T01:57:58.409231899Z PART_POL: service_tag parmameters:  [ 'department', 'Army' ]
2023-12-31T01:57:58.409286330Z PART_POL: Participants idp attribute matches service_tag OK
2023-12-31T01:57:58.409306488Z PART_POL: Participant policy done: {
2023-12-31T01:57:58.409311878Z   status: 'success',
2023-12-31T01:57:58.409316607Z   action: 'continue',
2023-12-31T01:57:58.409320864Z   result: { remote_display_name: 'General Kurtz | Army' }
2023-12-31T01:57:58.409325172Z }
2023-12-31T01:57:58.548418371Z Incoming reqeust - Path: :  /policy/v1/participant/properties
2023-12-31T01:57:58.548458105Z PART_POL: Display name updated:  General Kurtz | Army
2023-12-31T01:57:58.550041066Z PART_POL: service_tag parmameters:  [ 'department', 'Army' ]
2023-12-31T01:57:58.550055643Z PART_POL: Participants idp attribute matches service_tag OK
2023-12-31T01:57:58.550061183Z PART_POL: Participant policy done: {
2023-12-31T01:57:58.550065351Z   status: 'success',
2023-12-31T01:57:58.550069619Z   action: 'continue',
2023-12-31T01:57:58.550074077Z   result: { remote_display_name: 'General Kurtz | Army' }
2023-12-31T01:57:58.550106237Z }
2023-12-31T01:58:03.069594273Z Incoming reqeust - Path: :  /policy/v1/service/configuration
2023-12-31T01:58:03.069634839Z SERV_POL: No changes: { status: 'success', action: 'continue' }

2023-12-31T01:58:04.552219167Z Incoming reqeust - Path: :  /policy/v1/service/configuration
2023-12-31T01:58:04.552321487Z SERV_POL: No changes: { status: 'success', action: 'continue' }
2023-12-31T01:58:04.565531343Z Incoming reqeust - Path: :  /policy/v1/participant/properties
2023-12-31T01:58:04.565548414Z PART_POL: Display name updated:  Sergeant Colby | Army
2023-12-31T01:58:04.566142095Z PART_POL: service_tag parmameters:  [ 'department', 'Army' ]
2023-12-31T01:58:04.566172392Z PART_POL: Participants idp attribute matches service_tag OK
2023-12-31T01:58:04.566180226Z PART_POL: Participant policy done: {
2023-12-31T01:58:04.566185576Z   status: 'success',
2023-12-31T01:58:04.566190205Z   action: 'continue',
2023-12-31T01:58:04.566195144Z   result: { remote_display_name: 'Sergeant Colby | Army' }
2023-12-31T01:58:04.566199923Z }
2023-12-31T01:58:04.668639410Z Incoming reqeust - Path: :  /policy/v1/participant/properties
2023-12-31T01:58:04.668708759Z PART_POL: Display name updated:  Sergeant Colby | Army
2023-12-31T01:58:04.668749284Z PART_POL: service_tag parmameters:  [ 'department', 'Army' ]
2023-12-31T01:58:04.668938529Z PART_POL: Participants idp attribute matches service_tag OK
2023-12-31T01:58:04.668950862Z PART_POL: Participant policy done: {
2023-12-31T01:58:04.668957585Z   status: 'success',
2023-12-31T01:58:04.668962484Z   action: 'continue',
2023-12-31T01:58:04.668967192Z   result: { remote_display_name: 'Sergeant Colby | Army' }
2023-12-31T01:58:04.668972142Z }

2023-12-31T01:58:16.438681467Z Incoming reqeust - Path: :  /policy/v1/service/configuration
2023-12-31T01:58:16.439463511Z SERV_POL: No changes: { status: 'success', action: 'continue' }
2023-12-31T01:58:17.838361390Z Incoming reqeust - Path: :  /policy/v1/service/configuration
2023-12-31T01:58:17.838504245Z SERV_POL: No changes: { status: 'success', action: 'continue' }
2023-12-31T01:58:17.849948270Z Incoming reqeust - Path: :  /policy/v1/participant/properties
2023-12-31T01:58:17.849965132Z PART_POL: Display name updated:  Sergeant Foley | Airforce
2023-12-31T01:58:17.849971633Z PART_POL: service_tag parmameters:  [ 'department', 'Army' ]
2023-12-31T01:58:17.849976382Z PART_POL: Participants idp attribute does NOT match service_tag
2023-12-31T01:58:17.849981632Z PART_POL: Participant policy done: {
2023-12-31T01:58:17.849986311Z   status: 'success',
2023-12-31T01:58:17.849990929Z   action: 'reject',
2023-12-31T01:58:17.849995748Z   result: { reject_reason: 'ACCESS DENIED You are not in the Army' }
2023-12-31T01:58:17.850000497Z }

2023-12-31T01:58:42.668422080Z Incoming reqeust - Path: :  /policy/v1/service/configuration
2023-12-31T01:58:42.668596805Z SERV_POL: No changes: { status: 'success', action: 'continue' }

2023-12-31T01:58:44.234893864Z Incoming reqeust - Path: :  /policy/v1/service/configuration
2023-12-31T01:58:44.234986661Z SERV_POL: No changes: { status: 'success', action: 'continue' }
2023-12-31T01:58:44.250072903Z Incoming reqeust - Path: :  /policy/v1/participant/properties
2023-12-31T01:58:44.250702845Z PART_POL: Display name updated:  Petty Officer Mancuso | Navy
2023-12-31T01:58:44.250718624Z PART_POL: service_tag parmameters:  [ 'department', 'Army' ]
2023-12-31T01:58:44.250725116Z PART_POL: Participants idp attribute does NOT match service_tag
2023-12-31T01:58:44.250730246Z PART_POL: Participant policy done: {
2023-12-31T01:58:44.250735185Z   status: 'success',
2023-12-31T01:58:44.250740615Z   action: 'reject',
2023-12-31T01:58:44.250745244Z   result: { reject_reason: 'ACCESS DENIED You are not in the Army' }
2023-12-31T01:58:44.250750273Z }

2023-12-31T01:59:17.220214149Z Incoming reqeust - Path: :  /policy/v1/service/configuration
2023-12-31T01:59:17.220560964Z SERV_POL: No changes: { status: 'success', action: 'continue' }
2023-12-31T01:59:17.243847931Z Incoming reqeust - Path: :  /policy/v1/participant/properties
2023-12-31T01:59:17.244008921Z PART_POL: Display name updated:  Petty Officer Mancuso | Navy
2023-12-31T01:59:17.244023818Z PART_POL: service_tag parmameters:  [ 'department', 'Army' ]
2023-12-31T01:59:17.244030451Z PART_POL: Participants idp attribute does NOT match service_tag
2023-12-31T01:59:17.244035610Z PART_POL: Participant policy done: {
2023-12-31T01:59:17.244040279Z   status: 'success',
2023-12-31T01:59:17.244054505Z   action: 'reject',
2023-12-31T01:59:17.244059244Z   result: { reject_reason: 'ACCESS DENIED You are not in the Army' }
2023-12-31T01:59:17.244063653Z }

2023-12-31T01:59:26.927417148Z Incoming reqeust - Path: :  /policy/v1/service/configuration
2023-12-31T01:59:26.927946777Z SERV_POL: No changes: { status: 'success', action: 'continue' }
2023-12-31T01:59:26.968337528Z Incoming reqeust - Path: :  /policy/v1/participant/properties
2023-12-31T01:59:26.968876991Z PART_POL: Display name updated:  Petty Officer Mancuso | Navy
2023-12-31T01:59:26.968945398Z PART_POL: service_tag parmameters:  [ 'department', 'Army' ]
2023-12-31T01:59:26.968957120Z PART_POL: Participants idp attribute does NOT match service_tag
2023-12-31T01:59:26.968963532Z PART_POL: Participant policy done: {
2023-12-31T01:59:26.968968341Z   status: 'success',
2023-12-31T01:59:26.968992967Z   action: 'reject',
2023-12-31T01:59:26.968998277Z   result: { reject_reason: 'ACCESS DENIED You are not in the Army' }
2023-12-31T01:59:26.969003016Z }

2023-12-31T01:59:45.342400568Z Incoming reqeust - Path: :  /policy/v1/service/configuration
2023-12-31T01:59:45.342482750Z SERV_POL: No changes: { status: 'success', action: 'continue' }
2023-12-31T01:59:46.791164595Z Incoming reqeust - Path: :  /policy/v1/service/configuration
2023-12-31T01:59:46.791267756Z SERV_POL: No changes: { status: 'success', action: 'continue' }
2023-12-31T01:59:46.803529901Z Incoming reqeust - Path: :  /policy/v1/participant/properties
2023-12-31T01:59:46.803762864Z PART_POL: Display name updated:  Captain Davenport | Navy
2023-12-31T01:59:46.803804641Z PART_POL: service_tag parmameters:  [ 'department', 'Navy' ]
2023-12-31T01:59:46.803810031Z PART_POL: Participants idp attribute matches service_tag OK
2023-12-31T01:59:46.804515854Z PART_POL: Participant policy done: {
2023-12-31T01:59:46.804529299Z   status: 'success',
2023-12-31T01:59:46.804535150Z   action: 'continue',
2023-12-31T01:59:46.804539769Z   result: { remote_display_name: 'Captain Davenport | Navy' }
2023-12-31T01:59:46.804544748Z }
2023-12-31T01:59:46.955041605Z Incoming reqeust - Path: :  /policy/v1/participant/properties
2023-12-31T01:59:46.955112347Z PART_POL: Display name updated:  Captain Davenport | Navy
2023-12-31T01:59:46.955155848Z PART_POL: service_tag parmameters:  [ 'department', 'Navy' ]
2023-12-31T01:59:46.955163893Z PART_POL: Participants idp attribute matches service_tag OK
2023-12-31T01:59:46.955168411Z PART_POL: Participant policy done: {
2023-12-31T01:59:46.955172539Z   status: 'success',
2023-12-31T01:59:46.955176837Z   action: 'continue',
2023-12-31T01:59:46.955180854Z   result: { remote_display_name: 'Captain Davenport | Navy' }
2023-12-31T01:59:46.955195441Z }

2023-12-31T01:59:56.653117067Z Incoming reqeust - Path: :  /policy/v1/service/configuration
2023-12-31T01:59:56.653562526Z SERV_POL: No changes: { status: 'success', action: 'continue' }
2023-12-31T01:59:58.125287198Z Incoming reqeust - Path: :  /policy/v1/service/configuration
2023-12-31T01:59:58.125571226Z SERV_POL: No changes: { status: 'success', action: 'continue' }
2023-12-31T01:59:58.137604151Z Incoming reqeust - Path: :  /policy/v1/participant/properties
2023-12-31T01:59:58.137621764Z PART_POL: Display name updated:  Petty Officer Mancuso | Navy
2023-12-31T01:59:58.137672748Z PART_POL: service_tag parmameters:  [ 'department', 'Navy' ]
2023-12-31T01:59:58.138411563Z PART_POL: Participants idp attribute matches service_tag OK
2023-12-31T01:59:58.138449584Z PART_POL: Participant policy done: {
2023-12-31T01:59:58.138455023Z   status: 'success',
2023-12-31T01:59:58.138458961Z   action: 'continue',
2023-12-31T01:59:58.138462778Z   result: { remote_display_name: 'Petty Officer Mancuso | Navy' }
2023-12-31T01:59:58.138466685Z }

2023-12-31T01:59:58.438743252Z Incoming reqeust - Path: :  /policy/v1/participant/properties
2023-12-31T01:59:58.438833660Z PART_POL: Display name updated:  Petty Officer Mancuso | Navy
2023-12-31T01:59:58.439191807Z PART_POL: service_tag parmameters:  [ 'department', 'Navy' ]
2023-12-31T01:59:58.439204270Z PART_POL: Participants idp attribute matches service_tag OK
2023-12-31T01:59:58.439413088Z PART_POL: Participant policy done: {
2023-12-31T01:59:58.439611207Z   status: 'success',
2023-12-31T01:59:58.439624692Z   action: 'continue',
2023-12-31T01:59:58.439630543Z   result: { remote_display_name: 'Petty Officer Mancuso | Navy' }
2023-12-31T01:59:58.439635211Z }

2023-12-31T02:00:33.172581778Z Incoming reqeust - Path: :  /policy/v1/service/configuration
2023-12-31T02:00:33.172615670Z SERV_POL: No changes: { status: 'success', action: 'continue' }
2023-12-31T02:00:35.119675687Z Incoming reqeust - Path: :  /policy/v1/service/configuration
2023-12-31T02:00:35.119796231Z SERV_POL: No changes: { status: 'success', action: 'continue' }
2023-12-31T02:00:35.135524129Z Incoming reqeust - Path: :  /policy/v1/participant/properties
2023-12-31T02:00:35.135548735Z PART_POL: Display name updated:  Sergeant Foley | Airforce
2023-12-31T02:00:35.135554285Z PART_POL: service_tag parmameters:  [ 'department', 'Navy' ]
2023-12-31T02:00:35.135559195Z PART_POL: Participants idp attribute does NOT match service_tag
2023-12-31T02:00:35.135563462Z PART_POL: Participant policy done: {
2023-12-31T02:00:35.135568271Z   status: 'success',
2023-12-31T02:00:35.135573501Z   action: 'reject',
2023-12-31T02:00:35.135578250Z   result: { reject_reason: 'ACCESS DENIED You are not in the Navy' }
2023-12-31T02:00:35.135594570Z }

2023-12-31T02:00:49.584568440Z Incoming reqeust - Path: :  /policy/v1/service/configuration
2023-12-31T02:00:49.585064426Z SERV_POL: No changes: { status: 'success', action: 'continue' }
2023-12-31T02:00:51.292586812Z Incoming reqeust - Path: :  /policy/v1/service/configuration
2023-12-31T02:00:51.292658034Z SERV_POL: No changes: { status: 'success', action: 'continue' }
2023-12-31T02:00:51.306330513Z Incoming reqeust - Path: :  /policy/v1/participant/properties
2023-12-31T02:00:51.306347856Z PART_POL: Display name updated:  General Kurtz | Army
2023-12-31T02:00:51.307369256Z PART_POL: service_tag parmameters:  [ 'department', 'Navy' ]
2023-12-31T02:00:51.307389854Z PART_POL: Participants idp attribute does NOT match service_tag
2023-12-31T02:00:51.307395926Z PART_POL: Participant policy done: {
2023-12-31T02:00:51.307400534Z   status: 'success',
2023-12-31T02:00:51.307405143Z   action: 'reject',
2023-12-31T02:00:51.307409281Z   result: { reject_reason: 'ACCESS DENIED You are not in the Navy' }
2023-12-31T02:00:51.307413618Z }

2023-12-31T02:01:21.584110892Z Incoming reqeust - Path: :  /policy/v1/service/configuration
2023-12-31T02:01:21.584193686Z SERV_POL: No changes: { status: 'success', action: 'continue' }
2023-12-31T02:01:21.604482049Z Incoming reqeust - Path: :  /policy/v1/participant/properties
2023-12-31T02:01:21.604497428Z PART_POL: Display name updated:  General Kurtz | Army
2023-12-31T02:01:21.604766538Z PART_POL: service_tag parmameters:  [ 'department', 'Navy' ]
2023-12-31T02:01:21.604778881Z PART_POL: Participants idp attribute does NOT match service_tag
2023-12-31T02:01:21.604784862Z PART_POL: Participant policy done: {
2023-12-31T02:01:21.604834835Z   status: 'success',
2023-12-31T02:01:21.604841928Z   action: 'reject',
2023-12-31T02:01:21.604846256Z   result: { reject_reason: 'ACCESS DENIED You are not in the Navy' }
2023-12-31T02:01:21.604850394Z }

2023-12-31T02:01:39.841442461Z Incoming reqeust - Path: :  /policy/v1/service/configuration
2023-12-31T02:01:39.842114347Z SERV_POL: No changes: { status: 'success', action: 'continue' }
2023-12-31T02:01:41.617280313Z Incoming reqeust - Path: :  /policy/v1/service/configuration
2023-12-31T02:01:41.617733556Z SERV_POL: No changes: { status: 'success', action: 'continue' }
2023-12-31T02:01:41.634610489Z Incoming reqeust - Path: :  /policy/v1/participant/properties
2023-12-31T02:01:41.634641607Z PART_POL: Display name updated:  General Kurtz | Army
2023-12-31T02:01:41.636328305Z PART_POL: service_tag parmameters:  [ 'rank', 'co' ]
2023-12-31T02:01:41.636355305Z PART_POL: Participants idp jobtitle is on CO list OK
2023-12-31T02:01:41.636362679Z PART_POL: Participant policy done: {
2023-12-31T02:01:41.636378969Z   status: 'success',
2023-12-31T02:01:41.636384459Z   action: 'continue',
2023-12-31T02:01:41.636389158Z   result: { remote_display_name: 'General Kurtz | Army' }
2023-12-31T02:01:41.636394598Z }
2023-12-31T02:01:41.796363115Z Incoming reqeust - Path: :  /policy/v1/participant/properties
2023-12-31T02:01:41.796557356Z PART_POL: Display name updated:  General Kurtz | Army
2023-12-31T02:01:41.796569178Z PART_POL: service_tag parmameters:  [ 'rank', 'co' ]
2023-12-31T02:01:41.796574859Z PART_POL: Participants idp jobtitle is on CO list OK
2023-12-31T02:01:41.797165277Z PART_POL: Participant policy done: {
2023-12-31T02:01:41.797176568Z   status: 'success',
2023-12-31T02:01:41.797181227Z   action: 'continue',
2023-12-31T02:01:41.797185435Z   result: { remote_display_name: 'General Kurtz | Army' }
2023-12-31T02:01:41.797189332Z }

2023-12-31T02:01:56.595967761Z Incoming reqeust - Path: :  /policy/v1/service/configuration
2023-12-31T02:01:56.596702227Z SERV_POL: No changes: { status: 'success', action: 'continue' }

2023-12-31T02:01:58.315040300Z Incoming reqeust - Path: :  /policy/v1/service/configuration
2023-12-31T02:01:58.315862010Z SERV_POL: No changes: { status: 'success', action: 'continue' }
2023-12-31T02:01:58.328845989Z Incoming reqeust - Path: :  /policy/v1/participant/properties
2023-12-31T02:01:58.328868070Z PART_POL: Display name updated:  Sergeant Colby | Army
2023-12-31T02:01:58.330013008Z PART_POL: service_tag parmameters:  [ 'rank', 'co' ]
2023-12-31T02:01:58.330026793Z PART_POL: Participants idp jobtitle NOT in any rank list
2023-12-31T02:01:58.330031843Z PART_POL: Participant policy done: {
2023-12-31T02:01:58.330036000Z   status: 'success',
2023-12-31T02:01:58.330066267Z   action: 'reject',
2023-12-31T02:01:58.330070755Z   result: { reject_reason: 'ACCESS DENIED You do not have the required rank' }
2023-12-31T02:01:58.330075023Z }

2023-12-31T02:03:59  No new trace in the past 1 min(s).
2023-12-31T02:04:59  No new trace in the past 2 min(s).
2023-12-31T02:05:59  No new trace in the past 3 min(s).
2023-12-31T02:06:59  No new trace in the past 4 min(s).
2023-12-31T02:02:15.759838775Z Incoming reqeust - Path: :  /policy/v1/service/configuration
2023-12-31T02:02:15.759965691Z SERV_POL: No changes: { status: 'success', action: 'continue' }
2023-12-31T02:02:17.446065812Z Incoming reqeust - Path: :  /policy/v1/service/configuration
2023-12-31T02:02:17.446210381Z SERV_POL: No changes: { status: 'success', action: 'continue' }
2023-12-31T02:02:17.462783271Z Incoming reqeust - Path: :  /policy/v1/participant/properties
2023-12-31T02:02:17.462880091Z PART_POL: Display name updated:  Captain Davenport | Navy
2023-12-31T02:02:17.462898836Z PART_POL: service_tag parmameters:  [ 'rank', 'co' ]
2023-12-31T02:02:17.462905428Z PART_POL: Participants idp jobtitle is on CO list OK
2023-12-31T02:02:17.462976400Z PART_POL: Participant policy done: {
2023-12-31T02:02:17.462986158Z   status: 'success',
2023-12-31T02:02:17.463003190Z   action: 'continue',
2023-12-31T02:02:17.463007869Z   result: { remote_display_name: 'Captain Davenport | Navy' }
2023-12-31T02:02:17.463012157Z }
2023-12-31T02:02:17.560954473Z Incoming reqeust - Path: :  /policy/v1/participant/properties
2023-12-31T02:02:17.561068435Z PART_POL: Display name updated:  Captain Davenport | Navy
2023-12-31T02:02:17.561100895Z PART_POL: service_tag parmameters:  [ 'rank', 'co' ]
2023-12-31T02:02:17.561108189Z PART_POL: Participants idp jobtitle is on CO list OK
2023-12-31T02:02:17.561112898Z PART_POL: Participant policy done: {
2023-12-31T02:02:17.561117326Z   status: 'success',
2023-12-31T02:02:17.561121293Z   action: 'continue',
2023-12-31T02:02:17.561125261Z   result: { remote_display_name: 'Captain Davenport | Navy' }
2023-12-31T02:02:17.561129819Z }

2023-12-31T02:02:51.848232548Z Incoming reqeust - Path: :  /policy/v1/service/configuration
2023-12-31T02:02:51.848389511Z SERV_POL: No changes: { status: 'success', action: 'continue' }

2023-12-31T02:02:53.469714004Z Incoming reqeust - Path: :  /policy/v1/service/configuration
2023-12-31T02:02:53.469999145Z SERV_POL: No changes: { status: 'success', action: 'continue' }
2023-12-31T02:02:53.482910560Z Incoming reqeust - Path: :  /policy/v1/participant/properties
2023-12-31T02:02:53.482983506Z PART_POL: Display name updated:  Captain Davenport | Navy
2023-12-31T02:02:53.483001719Z PART_POL: service_tag parmameters:  [ 'rank', 'top' ]
2023-12-31T02:02:53.483007740Z PART_POL: Participants idp jobtitle NOT in any rank list
2023-12-31T02:02:53.483141650Z PART_POL: Participant policy done: {
2023-12-31T02:02:53.483155135Z   status: 'success',
2023-12-31T02:02:53.483160415Z   action: 'reject',
2023-12-31T02:02:53.483165514Z   result: { reject_reason: 'ACCESS DENIED You do not have the required rank' }
2023-12-31T02:02:53.483170744Z }

2023-12-31T02:03:10.928027004Z Incoming reqeust - Path: :  /policy/v1/service/configuration
2023-12-31T02:03:10.928090292Z SERV_POL: No changes: { status: 'success', action: 'continue' }
2023-12-31T02:03:12.403654642Z Incoming reqeust - Path: :  /policy/v1/service/configuration
2023-12-31T02:03:12.403838444Z SERV_POL: No changes: { status: 'success', action: 'continue' }
2023-12-31T02:03:12.413915596Z Incoming reqeust - Path: :  /policy/v1/participant/properties
2023-12-31T02:03:12.413931386Z PART_POL: Display name updated:  General Kurtz | Army
2023-12-31T02:03:12.414187542Z PART_POL: service_tag parmameters:  [ 'rank', 'top' ]
2023-12-31T02:03:12.414225833Z PART_POL: Participants idp jobtitle is on TOP list OK
2023-12-31T02:03:12.414231514Z PART_POL: Participant policy done: {
2023-12-31T02:03:12.414235592Z   status: 'success',
2023-12-31T02:03:12.414250960Z   action: 'continue',
2023-12-31T02:03:12.414255098Z   result: { remote_display_name: 'General Kurtz | Army' }
2023-12-31T02:03:12.414258845Z }
2023-12-31T02:03:12.546142617Z Incoming reqeust - Path: :  /policy/v1/participant/properties
2023-12-31T02:03:12.546354572Z PART_POL: Display name updated:  General Kurtz | Army
2023-12-31T02:03:12.546367265Z PART_POL: service_tag parmameters:  [ 'rank', 'top' ]
2023-12-31T02:03:12.546372595Z PART_POL: Participants idp jobtitle is on TOP list OK
2023-12-31T02:03:12.546376903Z PART_POL: Participant policy done: {
2023-12-31T02:03:12.546381121Z   status: 'success',
2023-12-31T02:03:12.546384888Z   action: 'continue',
2023-12-31T02:03:12.546389156Z   result: { remote_display_name: 'General Kurtz | Army' }
2023-12-31T02:03:12.546393735Z }

2023-12-31T02:03:37.106657894Z Incoming reqeust - Path: :  /policy/v1/service/configuration
2023-12-31T02:03:37.106774300Z SERV_POL: No changes: { status: 'success', action: 'continue' }

2023-12-31T02:03:38.581384665Z Incoming reqeust - Path: :  /policy/v1/service/configuration
2023-12-31T02:03:38.581798691Z SERV_POL: No changes: { status: 'success', action: 'continue' }
2023-12-31T02:03:38.595113962Z Incoming reqeust - Path: :  /policy/v1/participant/properties
2023-12-31T02:03:38.595130113Z PART_POL: Display name updated:  Sergeant Foley | Airforce
2023-12-31T02:03:38.595182868Z PART_POL: service_tag parmameters:  [ 'rank', 'top' ]
2023-12-31T02:03:38.595691481Z PART_POL: Participants idp jobtitle NOT in any rank list
2023-12-31T02:03:38.595706569Z PART_POL: Participant policy done: {
2023-12-31T02:03:38.595712650Z   status: 'success',
2023-12-31T02:03:38.595717138Z   action: 'reject',
2023-12-31T02:03:38.595722148Z   result: { reject_reason: 'ACCESS DENIED You do not have the required rank' }
2023-12-31T02:03:38.595727227Z }

2023-12-31T02:04:15.559551487Z Incoming reqeust - Path: :  /policy/v1/service/configuration
2023-12-31T02:04:15.559591301Z SERV_POL: No changes: { status: 'success', action: 'continue' }

2023-12-31T02:04:21.987942772Z Incoming reqeust - Path: :  /policy/v1/service/configuration
2023-12-31T02:04:21.987979169Z SERV_POL: No changes: { status: 'success', action: 'continue' }

2023-12-31T02:04:24.198716378Z Incoming reqeust - Path: :  /policy/v1/service/configuration
2023-12-31T02:04:24.198753808Z SERV_POL: No changes: { status: 'success', action: 'continue' }
2023-12-31T02:04:24.213740481Z Incoming reqeust - Path: :  /policy/v1/participant/properties
2023-12-31T02:04:24.214025612Z PART_POL: Display name updated:  General Kurtz | Army
2023-12-31T02:04:24.214037363Z PART_POL: service_tag parmameters:  [ 'allDept' ]
2023-12-31T02:04:24.214042834Z PART_POL: Using ClientAPI to change VMR classification level to TOP SECRET
2023-12-31T02:04:24.214495907Z New classificaton: TOP SECRET
2023-12-31T02:04:24.267277359Z PART_POL: Participant policy done: {
2023-12-31T02:04:24.267343011Z   status: 'success',
2023-12-31T02:04:24.267352589Z   action: 'continue',
2023-12-31T02:04:24.267357438Z   result: { remote_display_name: 'General Kurtz | Army' }
2023-12-31T02:04:24.267361786Z }
2023-12-31T02:04:24.313487154Z Incoming reqeust - Path: :  /policy/v1/service/configuration
2023-12-31T02:04:24.313879515Z SERV_POL: MEETBOT bypassing service with no IDP {
2023-12-31T02:04:24.313891647Z   status: 'success',
2023-12-31T02:04:24.313896897Z   action: 'continue',
2023-12-31T02:04:24.313901035Z   result: {
2023-12-31T02:04:24.313905232Z     name: 'ADF Press',
2023-12-31T02:04:24.313909220Z     service_tag: 'allDept',
2023-12-31T02:04:24.313913047Z     service_type: 'conference',
2023-12-31T02:04:24.313916954Z     host_identity_provider_group: ''
2023-12-31T02:04:24.313921152Z   }
2023-12-31T02:04:24.313925350Z }
2023-12-31T02:04:24.325805028Z Incoming reqeust - Path: :  /policy/v1/participant/properties
2023-12-31T02:04:24.326651363Z PART_POL: MEETBOT bypassing partipant policy
2023-12-31T02:04:24.418090820Z Incoming reqeust - Path: :  /policy/v1/participant/properties
2023-12-31T02:04:24.418536790Z PART_POL: Display name updated:  General Kurtz | Army
2023-12-31T02:04:24.418552960Z PART_POL: service_tag parmameters:  [ 'allDept' ]
2023-12-31T02:04:24.418558380Z PART_POL: Participant policy done: {
2023-12-31T02:04:24.418562658Z   status: 'success',
2023-12-31T02:04:24.418566946Z   action: 'continue',
2023-12-31T02:04:24.418570933Z   result: { remote_display_name: 'General Kurtz | Army' }
2023-12-31T02:04:24.418574991Z }
2023-12-31T02:04:24.459054149Z VMR Current classification level: 0 - Availible levels: {
2023-12-31T02:04:24.459125782Z   '0': 'UNOFFICIAL',
2023-12-31T02:04:24.459133887Z   '1': 'OFFICIAL',
2023-12-31T02:04:24.459139868Z   '2': 'PROTECTED',
2023-12-31T02:04:24.459146200Z   '3': 'SECRET',
2023-12-31T02:04:24.459152472Z   '4': 'TOP SECRET'
2023-12-31T02:04:24.459157330Z }
2023-12-31T02:04:24.459161428Z No level change required for new level: 4
2023-12-31T02:04:24.573491679Z Released token: { status: 'success', result: true }

2023-12-31T02:05:02.867458007Z Incoming reqeust - Path: :  /policy/v1/service/configuration
2023-12-31T02:05:02.867601684Z SERV_POL: No changes: { status: 'success', action: 'continue' }

2023-12-31T02:05:04.233107578Z Incoming reqeust - Path: :  /policy/v1/service/configuration
2023-12-31T02:05:04.233196783Z SERV_POL: No changes: { status: 'success', action: 'continue' }
2023-12-31T02:05:04.246476189Z Incoming reqeust - Path: :  /policy/v1/participant/properties
2023-12-31T02:05:04.246497278Z PART_POL: Not enough IDP attributes to build overlay text name, default will be used
2023-12-31T02:05:04.246598676Z PART_POL: service_tag parmameters:  [ 'allDept' ]
2023-12-31T02:05:04.246608264Z PART_POL: Using ClientAPI to change VMR classification level to undefined
2023-12-31T02:05:04.246612562Z New classificaton: undefined
2023-12-31T02:05:04.248337479Z PART_POL: Participant policy done: { status: 'success', action: 'continue' }
2023-12-31T02:05:04.267787768Z Incoming reqeust - Path: :  /policy/v1/service/configuration
2023-12-31T02:05:04.268371816Z SERV_POL: MEETBOT bypassing service with no IDP {
2023-12-31T02:05:04.268385662Z   status: 'success',
2023-12-31T02:05:04.268390891Z   action: 'continue',
2023-12-31T02:05:04.268395540Z   result: {
2023-12-31T02:05:04.268400028Z     name: 'ADF Press',
2023-12-31T02:05:04.268404477Z     service_tag: 'allDept',
2023-12-31T02:05:04.268408805Z     service_type: 'conference',
2023-12-31T02:05:04.268413143Z     host_identity_provider_group: ''
2023-12-31T02:05:04.268417561Z   }
2023-12-31T02:05:04.268422229Z }
2023-12-31T02:05:04.280201422Z Incoming reqeust - Path: :  /policy/v1/participant/properties
2023-12-31T02:05:04.280216820Z PART_POL: MEETBOT bypassing partipant policy
2023-12-31T02:05:04.313295007Z VMR Current classification level: 0 - Availible levels: {
2023-12-31T02:05:04.313314554Z   '0': 'UNOFFICIAL',
2023-12-31T02:05:04.313320755Z   '1': 'OFFICIAL',
2023-12-31T02:05:04.313325133Z   '2': 'PROTECTED',
2023-12-31T02:05:04.313362092Z   '3': 'SECRET',
2023-12-31T02:05:04.313367652Z   '4': 'TOP SECRET'
2023-12-31T02:05:04.313371880Z }
2023-12-31T02:05:04.318591083Z Classification does not match VMR levelMap
2023-12-31T02:05:04.339303337Z Released token: { status: 'success', result: true }
2023-12-31T02:05:04.394209182Z Incoming reqeust - Path: :  /policy/v1/participant/properties
2023-12-31T02:05:04.394346938Z PART_POL: Not enough IDP attributes to build overlay text name, default will be used
2023-12-31T02:05:04.394359802Z PART_POL: service_tag parmameters:  [ 'allDept' ]
2023-12-31T02:05:04.394365422Z PART_POL: Participant policy done: { status: 'success', action: 'continue' }